Arguments: 
  C:\Program Files\nodejs\node.exe C:\Users\OMISTAJA\AppData\Roaming\npm\node_modules\yarn\bin\yarn.js install --force

PATH: 
  C:\Program Files\Git\mingw64\bin;C:\Program Files\Git\usr\bin;C:\Users\OMISTAJA\bin;C:\Program Files\Amazon Corretto\jdk11.0.4_10\bin;C:\Program Files (x86)\Common Files\Oracle\Java\javapath;C:\WINDOWS\system32;C:\WINDOWS;C:\WINDOWS\System32\Wbem;C:\WINDOWS\System32\WindowsPowerShell\v1.0;C:\WINDOWS\System32\OpenSSH;C:\Program Files\SourceGear\Common\DiffMerge;C:\Program Files\nodejs;C:\Users\OMISTAJA\AppData\Local\Programs\Python\Python38\Scripts;C:\Users\OMISTAJA\AppData\Local\Programs\Python\Python38;C:\Users\OMISTAJA\AppData\Local\Microsoft\WindowsApps;C:\Users\OMISTAJA\AppData\Roaming\npm;C:\Users\OMISTAJA\AppData\Local\Programs\Microsoft VS Code\bin;C:\Program Files\heroku\bin

Yarn version: 
  1.22.10

Node version: 
  14.15.1

Platform: 
  win32 x64

Trace: 
  SyntaxError: C:\Users\OMISTAJA\Desktop\React_course\expensify-app\package.json: Unexpected token : in JSON at position 6
      at JSON.parse (<anonymous>)
      at C:\Users\OMISTAJA\AppData\Roaming\npm\node_modules\yarn\lib\cli.js:1625:59
      at Generator.next (<anonymous>)
      at step (C:\Users\OMISTAJA\AppData\Roaming\npm\node_modules\yarn\lib\cli.js:310:30)
      at C:\Users\OMISTAJA\AppData\Roaming\npm\node_modules\yarn\lib\cli.js:321:13

npm manifest: 
  "name": "expensify",
    "version": "1.0.0",
    "main": "index.js",
    "author": "Sakari Heino",
    "license": "MIT",
    "scripts": {
      "serve": "live-server public/",
      "build": "webpack",
      "dev-server": "webpack-dev-server"
    },
    "dependencies": {
      "babel-cli": "6.24.1",
      "babel-core": "6.25.0",
      "babel-loader": "7.1.1",
      "babel-plugin-transform-class-properties": "6.24.1",
      "babel-preset-env": "1.5.2",
      "babel-preset-react": "6.24.1",
      "css-loader": "0.28.4",
      "live-server": "^1.2.0",
      "node-sass": "4.5.3",
      "normalize.css": "7.0.0",
      "react": "15.6.1",
      "react-dom": "15.6.1",
      "react-modal": "2.2.2",
      "react-router-dom": "4.1.2",
      "redux": "3.7.2",
      "sass-loader": "6.0.6",
      "style-loader": "0.18.2",
      "uuid": "3.1.0",
      "validator": "8.0.0",
      "webpack": "3.1.0",
      "webpack-dev-server": "2.5.1"
    }
  }

yarn manifest: 
  No manifest

Lockfile: 
  No lockfile
